<?xml version="1.0" encoding="UTF-8"?>
<testsuite xmlns:xsi="http://www.w3.org/2001/XMLSchema-instance" xsi:noNamespaceSchemaLocation="https://maven.apache.org/surefire/maven-surefire-plugin/xsd/surefire-test-report.xsd" version="3.0.2" name="com.dbic.usersystem.catalogApiApplicationTests" time="0.782" tests="1" errors="0" skipped="0" failures="0">
  <properties>
[...]
</properties>
  <testcase name="contextLoads" classname="com.dbic.usersystem.catalogApiApplicationTests" time="0.396">
    <system-out><![CDATA[Standard Commons Logging discovery in action with spring-jcl: please remove commons-logging.jar from classpath in order to avoid potential conflicts
20:10:36.577 [main] INFO org.springframework.test.context.support.AnnotationConfigContextLoaderUtils -- Could not detect default configuration classes for test class [com.dbic.usersystem.catalogApiApplicationTests]: catalogApiApplicationTests does not declare any static, non-private, non-final, nested classes annotated with @Configuration.
20:10:36.611 [main] INFO org.springframework.boot.test.context.SpringBootTestContextBootstrapper -- Found @SpringBootConfiguration com.dbic.usersystem.catalogApiApplicationTests for test class com.dbic.usersystem.catalogApiApplicationTests

  .   ____          _            __ _ _
 /\\ / ___'_ __ _ _(_)_ __  __ _ \ \ \ \
( ( )\___ | '_ | '_| | '_ \/ _` | \ \ \ \
 \\/  ___)| |_)| | | | | || (_| |  ) ) ) )
  '  |____| .__|_| |_|_| |_\__, | / / / /
 =========|_|==============|___/=/_/_/_/

 :: Spring Boot ::       (v3.4.1-SNAPSHOT)

2024-11-30T20:10:36.763-05:00  INFO 72029 --- [           main] c.d.u.catalogApiApplicationTests         : Starting catalogApiApplicationTests using Java 23.0.1 with PID 72029 (started by shawnpearson in /Users/shawnpearson/source/globalcorp-catalogapi-cloudsql)
2024-11-30T20:10:36.763-05:00  INFO 72029 --- [           main] c.d.u.catalogApiApplicationTests         : The following 1 profile is active: "dev"
2024-11-30T20:10:36.837-05:00  INFO 72029 --- [           main] c.d.u.catalogApiApplicationTests         : Started catalogApiApplicationTests in 0.181 seconds (process running for 0.567)
]]></system-out>
    <system-err><![CDATA[Mockito is currently self-attaching to enable the inline-mock-maker. This will no longer work in future releases of the JDK. Please add Mockito as an agent to your build what is described in Mockito's documentation: https://javadoc.io/doc/org.mockito/mockito-core/latest/org/mockito/Mockito.html#0.3
WARNING: A Java agent has been loaded dynamically (/Users/shawnpearson/.m2/repository/net/bytebuddy/byte-buddy-agent/1.15.10/byte-buddy-agent-1.15.10.jar)
WARNING: If a serviceability tool is in use, please run with -XX:+EnableDynamicAgentLoading to hide this warning
WARNING: If a serviceability tool is not in use, please run with -Djdk.instrument.traceUsage for more information
WARNING: Dynamic loading of agents will be disallowed by default in a future release
]]></system-err>
  </testcase>
</testsuite>